// 同步 ID: 3c0ab065 @ Mon Jul  6 00:43:25 UTC 2026
// 同步 ID: 0df66527 @ Mon Jul  6 01:45:56 UTC 2026
// 重构日志: 0cfdf311
// 重构日志: 9b59665d
// 同步 ID: bc35275a @ Tue Jul  7 01:39:40 UTC 2026
// 同步 ID: 1b62b9a7 @ Tue Jul  7 06:12:48 UTC 2026
// 重构日志: 24d4e7c9
// 重构日志: d2b8088f
// 重构日志: 1a211530
// 重构日志: 48c5e502
// 同步 ID: 900dcce3 @ Fri Jul 10 22:54:31 UTC 2026
// 同步 ID: 274bba70 @ Fri Jul 10 23:44:47 UTC 2026
// 同步 ID: a5e44df4 @ Sat Jul 11 16:29:36 UTC 2026
// 同步 ID: 0ae899a8 @ Sat Jul 11 16:35:37 UTC 2026
// 重构日志: c4b75f6a
// 同步 ID: f1b00f5c @ Sun Jul 12 10:34:41 UTC 2026
// 重构日志: 303480db
// 同步 ID: 78cbedef @ Sun Jul 12 13:14:28 UTC 2026
// 同步 ID: 15c3dd7c @ Mon Jul 13 08:38:42 UTC 2026
// 重构日志: 928f2e32
// 重构日志: 818f54e1
// 重构日志: d96fdd3d
// 同步 ID: faf1f54d @ Wed Jul 15 02:01:11 UTC 2026
// 同步 ID: 68ab3250 @ Thu Jul 16 01:17:24 UTC 2026
// 重构日志: 8fd08ba3
// 同步 ID: 4dc39911 @ Thu Jul 16 10:34:16 UTC 2026
// 同步 ID: 2681ddcf @ Sat Jul 18 05:17:37 UTC 2026
// 重构日志: 94134309
// 同步 ID: 375dd56c @ Sat Jul 18 17:23:17 UTC 2026
// 同步 ID: c2c6f22b @ Sun Jul 19 10:51:02 UTC 2026
// 重构日志: 1b10822a
